Server running at http://127.0.0.1:1337/
~~~~~~~~~~~~~~~~~
~~~~~~~~~~~~~~~~~
~~~~~~~~~~~~~~~~~
writing file /index.html
~~~~~~~~~~~~~~~~~
~~~~~~~~~~~~~~~~~
~~~~~~~~~~~~~~~~~
~~~~~~~~~~~~~~~~~
~~~~~~~~~~~~~~~~~
~~~~~~~~~~~~~~~~~
~~~~~~~~~~~~~~~~~
~~~~~~~~~~~~~~~~~
~~~~~~~~~~~~~~~~~
writing file /css/bootstrap.min.css
writing file /js/jquery-1.10.2.min.js
writing file /js/raphael-min.js
~~~~~~~~~~~~~~~~~
~~~~~~~~~~~~~~~~~
~~~~~~~~~~~~~~~~~
file read error
{ [Error: ENOENT, open './favicon.ico'] errno: 34, code: 'ENOENT', path: './favicon.ico' }
~~~~~~~~~~~~~~~~~
~~~~~~~~~~~~~~~~~
~~~~~~~~~~~~~~~~~
file read error
{ [Error: ENOENT, open './js/jquery-1.10.2.min.map'] errno: 34, code: 'ENOENT', path: './js/jquery-1.10.2.min.map' }
~~~~~~~~~~~~~~~~~
~~~~~~~~~~~~~~~~~
~~~~~~~~~~~~~~~~~
writing file /index.html
~~~~~~~~~~~~~~~~~
~~~~~~~~~~~~~~~~~
~~~~~~~~~~~~~~~~~
~~~~~~~~~~~~~~~~~
~~~~~~~~~~~~~~~~~
~~~~~~~~~~~~~~~~~
~~~~~~~~~~~~~~~~~
~~~~~~~~~~~~~~~~~
~~~~~~~~~~~~~~~~~
writing file /css/bootstrap.min.css
writing file /js/jquery-1.10.2.min.js
writing file /js/raphael-min.js
~~~~~~~~~~~~~~~~~
~~~~~~~~~~~~~~~~~
~~~~~~~~~~~~~~~~~
file read error
{ [Error: ENOENT, open './js/jquery-1.10.2.min.map'] errno: 34, code: 'ENOENT', path: './js/jquery-1.10.2.min.map' }
~~~~~~~~~~~~~~~~~
~~~~~~~~~~~~~~~~~
~~~~~~~~~~~~~~~~~
getting next object
~~~~~~~~~~~~~~~~~
~~~~~~~~~~~~~~~~~
~~~~~~~~~~~~~~~~~
getting next object
~~~~~~~~~~~~~~~~~
~~~~~~~~~~~~~~~~~
~~~~~~~~~~~~~~~~~
writing file /index.html
~~~~~~~~~~~~~~~~~
~~~~~~~~~~~~~~~~~
~~~~~~~~~~~~~~~~~
~~~~~~~~~~~~~~~~~
~~~~~~~~~~~~~~~~~
~~~~~~~~~~~~~~~~~
~~~~~~~~~~~~~~~~~
~~~~~~~~~~~~~~~~~
~~~~~~~~~~~~~~~~~
writing file /css/bootstrap.min.css
writing file /js/jquery-1.10.2.min.js
writing file /js/raphael-min.js
~~~~~~~~~~~~~~~~~
~~~~~~~~~~~~~~~~~
~~~~~~~~~~~~~~~~~
file read error
{ [Error: ENOENT, open './js/jquery-1.10.2.min.map'] errno: 34, code: 'ENOENT', path: './js/jquery-1.10.2.min.map' }
~~~~~~~~~~~~~~~~~
~~~~~~~~~~~~~~~~~
~~~~~~~~~~~~~~~~~
getting next object
~~~~~~~~~~~~~~~~~
~~~~~~~~~~~~~~~~~
~~~~~~~~~~~~~~~~~
getting next object
~~~~~~~~~~~~~~~~~
~~~~~~~~~~~~~~~~~
~~~~~~~~~~~~~~~~~
writing file /index.html
~~~~~~~~~~~~~~~~~
~~~~~~~~~~~~~~~~~
~~~~~~~~~~~~~~~~~
~~~~~~~~~~~~~~~~~
~~~~~~~~~~~~~~~~~
~~~~~~~~~~~~~~~~~
~~~~~~~~~~~~~~~~~
~~~~~~~~~~~~~~~~~
~~~~~~~~~~~~~~~~~
writing file /css/bootstrap.min.css
writing file /js/jquery-1.10.2.min.js
writing file /js/raphael-min.js
~~~~~~~~~~~~~~~~~
~~~~~~~~~~~~~~~~~
~~~~~~~~~~~~~~~~~
file read error
{ [Error: ENOENT, open './js/jquery-1.10.2.min.map'] errno: 34, code: 'ENOENT', path: './js/jquery-1.10.2.min.map' }
~~~~~~~~~~~~~~~~~
~~~~~~~~~~~~~~~~~
~~~~~~~~~~~~~~~~~
getting next object
~~~~~~~~~~~~~~~~~
~~~~~~~~~~~~~~~~~
~~~~~~~~~~~~~~~~~
~~~~~~~~~~~~~~~~~
~~~~~~~~~~~~~~~~~
~~~~~~~~~~~~~~~~~
getting next object
writing file /img/testImage.jpg
~~~~~~~~~~~~~~~~~
~~~~~~~~~~~~~~~~~
~~~~~~~~~~~~~~~~~
writing file /img/testImage.jpg
~~~~~~~~~~~~~~~~~
~~~~~~~~~~~~~~~~~
~~~~~~~~~~~~~~~~~
writing file /index.html
~~~~~~~~~~~~~~~~~
~~~~~~~~~~~~~~~~~
~~~~~~~~~~~~~~~~~
~~~~~~~~~~~~~~~~~
~~~~~~~~~~~~~~~~~
~~~~~~~~~~~~~~~~~
writing file /css/bootstrap.min.css
~~~~~~~~~~~~~~~~~
~~~~~~~~~~~~~~~~~
~~~~~~~~~~~~~~~~~
writing file /js/jquery-1.10.2.min.js
writing file /js/raphael-min.js
~~~~~~~~~~~~~~~~~
~~~~~~~~~~~~~~~~~
~~~~~~~~~~~~~~~~~
file read error
{ [Error: ENOENT, open './js/jquery-1.10.2.min.map'] errno: 34, code: 'ENOENT', path: './js/jquery-1.10.2.min.map' }
~~~~~~~~~~~~~~~~~
~~~~~~~~~~~~~~~~~
~~~~~~~~~~~~~~~~~
file read error
{ [Error: ENOENT, open './favicon.ico'] errno: 34, code: 'ENOENT', path: './favicon.ico' }
~~~~~~~~~~~~~~~~~
~~~~~~~~~~~~~~~~~
~~~~~~~~~~~~~~~~~
getting next object
~~~~~~~~~~~~~~~~~
~~~~~~~~~~~~~~~~~
~~~~~~~~~~~~~~~~~
~~~~~~~~~~~~~~~~~
~~~~~~~~~~~~~~~~~
~~~~~~~~~~~~~~~~~
getting next object
writing file /img/testImage.jpg
~~~~~~~~~~~~~~~~~
~~~~~~~~~~~~~~~~~
~~~~~~~~~~~~~~~~~
writing file /img/testImage.jpg
~~~~~~~~~~~~~~~~~
~~~~~~~~~~~~~~~~~
~~~~~~~~~~~~~~~~~
writing file /index.html
~~~~~~~~~~~~~~~~~
~~~~~~~~~~~~~~~~~
~~~~~~~~~~~~~~~~~
~~~~~~~~~~~~~~~~~
~~~~~~~~~~~~~~~~~
~~~~~~~~~~~~~~~~~
~~~~~~~~~~~~~~~~~
~~~~~~~~~~~~~~~~~
~~~~~~~~~~~~~~~~~
writing file /css/bootstrap.min.css
writing file /js/jquery-1.10.2.min.js
writing file /js/raphael-min.js
~~~~~~~~~~~~~~~~~
~~~~~~~~~~~~~~~~~
~~~~~~~~~~~~~~~~~
file read error
{ [Error: ENOENT, open './js/jquery-1.10.2.min.map'] errno: 34, code: 'ENOENT', path: './js/jquery-1.10.2.min.map' }
~~~~~~~~~~~~~~~~~
~~~~~~~~~~~~~~~~~
~~~~~~~~~~~~~~~~~
file read error
{ [Error: ENOENT, open './favicon.ico'] errno: 34, code: 'ENOENT', path: './favicon.ico' }
~~~~~~~~~~~~~~~~~
~~~~~~~~~~~~~~~~~
~~~~~~~~~~~~~~~~~
getting next object
~~~~~~~~~~~~~~~~~
~~~~~~~~~~~~~~~~~
~~~~~~~~~~~~~~~~~
~~~~~~~~~~~~~~~~~
~~~~~~~~~~~~~~~~~
~~~~~~~~~~~~~~~~~
getting next object
writing file /img/testImage.jpg
~~~~~~~~~~~~~~~~~
~~~~~~~~~~~~~~~~~
~~~~~~~~~~~~~~~~~
writing file /img/testImage.jpg
~~~~~~~~~~~~~~~~~
~~~~~~~~~~~~~~~~~
~~~~~~~~~~~~~~~~~
in updateObjectFaces
{ action: 'updateObjectFaces',
  objectId: '10912',
  rev: '1-3c4991ab920018ecb8a374db8ab30254',
  faces: '[]' }
[]
~~~~~~~~~~~~~~~~~
~~~~~~~~~~~~~~~~~
~~~~~~~~~~~~~~~~~
~~~~~~~~~~~~~~~~~
~~~~~~~~~~~~~~~~~
~~~~~~~~~~~~~~~~~
getting next object
writing file /img/testImage.jpg
ok
~~~~~~~~~~~~~~~~~
~~~~~~~~~~~~~~~~~
~~~~~~~~~~~~~~~~~
writing file /img/testImage.jpg
~~~~~~~~~~~~~~~~~
~~~~~~~~~~~~~~~~~
~~~~~~~~~~~~~~~~~
in updateObjectFaces
{ action: 'updateObjectFaces',
  objectId: '10913',
  rev: '1-b386b5ee3887accd54f0abcfe408aa75',
  faces: '[]' }
[]
~~~~~~~~~~~~~~~~~
~~~~~~~~~~~~~~~~~
~~~~~~~~~~~~~~~~~
~~~~~~~~~~~~~~~~~
~~~~~~~~~~~~~~~~~
~~~~~~~~~~~~~~~~~
getting next object
writing file /img/testImage.jpg
ok
~~~~~~~~~~~~~~~~~
~~~~~~~~~~~~~~~~~
~~~~~~~~~~~~~~~~~
writing file /img/testImage.jpg
~~~~~~~~~~~~~~~~~
~~~~~~~~~~~~~~~~~
~~~~~~~~~~~~~~~~~
in updateObjectFaces
{ action: 'updateObjectFaces',
  objectId: '10914',
  rev: '1-4c271cbf7e22742db95b777a0b579044',
  faces: '[]' }
[]
~~~~~~~~~~~~~~~~~
~~~~~~~~~~~~~~~~~
~~~~~~~~~~~~~~~~~
~~~~~~~~~~~~~~~~~
~~~~~~~~~~~~~~~~~
~~~~~~~~~~~~~~~~~
getting next object
writing file /img/testImage.jpg
ok
~~~~~~~~~~~~~~~~~
~~~~~~~~~~~~~~~~~
~~~~~~~~~~~~~~~~~
writing file /img/testImage.jpg
~~~~~~~~~~~~~~~~~
~~~~~~~~~~~~~~~~~
~~~~~~~~~~~~~~~~~
in updateObjectFaces
{ action: 'updateObjectFaces',
  objectId: '10912',
  rev: '1-3c4991ab920018ecb8a374db8ab30254',
  faces: '[]' }
[]
ok
~~~~~~~~~~~~~~~~~
~~~~~~~~~~~~~~~~~
~~~~~~~~~~~~~~~~~
in updateObjectFaces
{ action: 'updateObjectFaces',
  objectId: '10913',
  rev: '1-b386b5ee3887accd54f0abcfe408aa75',
  faces: '[]' }
[]
ok
~~~~~~~~~~~~~~~~~
~~~~~~~~~~~~~~~~~
~~~~~~~~~~~~~~~~~
in updateObjectFaces
{ action: 'updateObjectFaces',
  objectId: '10914',
  rev: '1-4c271cbf7e22742db95b777a0b579044',
  faces: '[]' }
[]
ok
~~~~~~~~~~~~~~~~~
~~~~~~~~~~~~~~~~~
~~~~~~~~~~~~~~~~~
in updateObjectFaces
{ action: 'updateObjectFaces',
  objectId: '10912',
  rev: '1-3c4991ab920018ecb8a374db8ab30254',
  faces: '[]' }
[]
ok
~~~~~~~~~~~~~~~~~
~~~~~~~~~~~~~~~~~
~~~~~~~~~~~~~~~~~
in updateObjectFaces
{ action: 'updateObjectFaces',
  objectId: '10913',
  rev: '1-b386b5ee3887accd54f0abcfe408aa75',
  faces: '[]' }
[]
ok
